Using pre-set license
Built from '2020.3/staging' branch; Version is '2020.3.26f1 (7298b473bc1a) revision 7510196'; Using compiler version '192528614'; Build Type 'Release'
OS: 'Windows 10  (10.0.19042) 64bit Core' Language: 'pt' Physical Memory: 8057 MB
BatchMode: 1, IsHumanControllingUs: 0, StartBugReporterOnCrash: 0, Is64bit: 1, IsPro: 0

COMMAND LINE ARGUMENTS:
F:\Unity\Editor\2020.3.26f1\Editor\Unity.exe
-adb2
-batchMode
-noUpm
-name
AssetImportWorker0
-projectPath
F:/Projetos/Jogos/GameJaaj
-logFile
Logs/AssetImportWorker0.log
-srvPort
61604
Successfully changed project path to: F:/Projetos/Jogos/GameJaaj
F:/Projetos/Jogos/GameJaaj
Using Asset Import Pipeline V2.
Refreshing native plugins compatible for Editor in 53.85 ms, found 3 plugins.
Preloading 0 native plugins for Editor in 0.00 ms.
Initialize engine version: 2020.3.26f1 (7298b473bc1a)
[Subsystems] Discovering subsystems at path F:/Unity/Editor/2020.3.26f1/Editor/Data/Resources/UnitySubsystems
[Subsystems] Discovering subsystems at path F:/Projetos/Jogos/GameJaaj/Assets
GfxDevice: creating device client; threaded=0
Direct3D:
    Version:  Direct3D 11.0 [level 11.1]
    Renderer: NVIDIA GeForce GTX 970 (ID=0x13c2)
    Vendor:   
    VRAM:     4043 MB
    Driver:   30.0.14.7168
Initialize mono
Mono path[0] = 'F:/Unity/Editor/2020.3.26f1/Editor/Data/Managed'
Mono path[1] = 'F:/Unity/Editor/2020.3.26f1/Editor/Data/MonoBleedingEdge/lib/mono/unityjit'
Mono config path = 'F:/Unity/Editor/2020.3.26f1/Editor/Data/MonoBleedingEdge/etc'
Using monoOptions --debugger-agent=transport=dt_socket,embedding=1,server=y,suspend=n,address=127.0.0.1:56976
Begin MonoManager ReloadAssembly
Registering precompiled unity dll's ...
Register platform support module: F:/Unity/Editor/2020.3.26f1/Editor/Data/PlaybackEngines/WindowsStandaloneSupport/UnityEditor.WindowsStandalone.Extensions.dll
Registered in 0.001294 seconds.
Native extension for WindowsStandalone target not found
Refreshing native plugins compatible for Editor in 55.09 ms, found 3 plugins.
Preloading 0 native plugins for Editor in 0.00 ms.
Mono: successfully reloaded assembly
- Completed reload, in  0.758 seconds
Domain Reload Profiling:
	ReloadAssembly (759ms)
		BeginReloadAssembly (60ms)
			ExecutionOrderSort (0ms)
			DisableScriptedObjects (0ms)
			BackupInstance (0ms)
			ReleaseScriptingObjects (0ms)
			CreateAndSetChildDomain (1ms)
		EndReloadAssembly (617ms)
			LoadAssemblies (59ms)
			RebuildTransferFunctionScriptingTraits (0ms)
			SetupTypeCache (205ms)
			ReleaseScriptCaches (0ms)
			RebuildScriptCaches (39ms)
			SetupLoadedEditorAssemblies (241ms)
				LogAssemblyErrors (0ms)
				InitializePlatformSupportModulesInManaged (4ms)
				SetLoadedEditorAssemblies (0ms)
				RefreshPlugins (55ms)
				BeforeProcessingInitializeOnLoad (22ms)
				ProcessInitializeOnLoadAttributes (120ms)
				ProcessInitializeOnLoadMethodAttributes (39ms)
				AfterProcessingInitializeOnLoad (0ms)
				EditorAssembliesLoaded (0ms)
			ExecutionOrderSort2 (0ms)
			AwakeInstancesAfterBackupRestoration (0ms)
Platform modules already initialized, skipping
Registering precompiled user dll's ...
Registered in 0.003695 seconds.
Begin MonoManager ReloadAssembly
Native extension for WindowsStandalone target not found
Refreshing native plugins compatible for Editor in 125.92 ms, found 3 plugins.
Preloading 0 native plugins for Editor in 0.00 ms.
Mono: successfully reloaded assembly
- Completed reload, in  1.586 seconds
Domain Reload Profiling:
	ReloadAssembly (1587ms)
		BeginReloadAssembly (194ms)
			ExecutionOrderSort (0ms)
			DisableScriptedObjects (6ms)
			BackupInstance (0ms)
			ReleaseScriptingObjects (0ms)
			CreateAndSetChildDomain (27ms)
		EndReloadAssembly (1321ms)
			LoadAssemblies (128ms)
			RebuildTransferFunctionScriptingTraits (0ms)
			SetupTypeCache (427ms)
			ReleaseScriptCaches (1ms)
			RebuildScriptCaches (57ms)
			SetupLoadedEditorAssemblies (551ms)
				LogAssemblyErrors (0ms)
				InitializePlatformSupportModulesInManaged (4ms)
				SetLoadedEditorAssemblies (0ms)
				RefreshPlugins (126ms)
				BeforeProcessingInitializeOnLoad (132ms)
				ProcessInitializeOnLoadAttributes (261ms)
				ProcessInitializeOnLoadMethodAttributes (26ms)
				AfterProcessingInitializeOnLoad (3ms)
				EditorAssembliesLoaded (0ms)
			ExecutionOrderSort2 (0ms)
			AwakeInstancesAfterBackupRestoration (14ms)
Platform modules already initialized, skipping
========================================================================
Worker process is ready to serve import requests
Launched and connected shader compiler UnityShaderCompiler.exe after 0.16 seconds
Refreshing native plugins compatible for Editor in 0.56 ms, found 3 plugins.
Preloading 0 native plugins for Editor in 0.00 ms.
Unloading 2237 Unused Serialized files (Serialized files now loaded: 0)
System memory in use before: 98.8 MB.
System memory in use after: 98.9 MB.

Unloading 28 unused Assets to reduce memory usage. Loaded Objects now: 2672.
Total: 4.365200 ms (FindLiveObjects: 0.216100 ms CreateObjectMapping: 0.104600 ms MarkObjects: 3.961300 ms  DeleteObjects: 0.082000 ms)

AssetImportParameters requested are different than current active one (requested -> active):
  custom:framework-win-MediaFoundation: 216162199b28c13a410421893ffa2e32 -> 
  custom:video-decoder-ogg-theora: a1e56fd34408186e4bbccfd4996cb3dc -> 
  custom:container-muxer-webm: aa71ff27fc2769a1b78a27578f13a17b -> 
  custom:container-demuxer-webm: 4f35f7cbe854078d1ac9338744f61a02 -> 
  custom:container-demuxer-ogg: 62fdf1f143b41e24485cea50d1cbac27 -> 
  custom:video-encoder-webm-vp8: eb34c28f22e8b96e1ab97ce403110664 -> 
  custom:video-codec-MediaFoundation-h265: 746d11721c4dcdbdad8f713fa42b33f4 -> 
  custom:video-decoder-webm-vp8: 9c59270c3fd7afecdb556c50c9e8de78 -> 
  custom:audio-decoder-ogg-vorbis: bf7c407c2cedff20999df2af8eb42d56 -> 
  custom:audio-encoder-webm-vorbis: bf7c407c2cedff20999df2af8eb42d56 -> 
========================================================================
Received Import Request.
  path: Assets/Sprites/Game/Antibiotic/Chunk6
  artifactKey: Guid(788459023bef2a84a842e019ccc84369) Importer(815301076,1909f56bfc062723c751e8b465ee728b)
Start importing Assets/Sprites/Game/Antibiotic/Chunk6 using Guid(788459023bef2a84a842e019ccc84369) Importer(815301076,1909f56bfc062723c751e8b465ee728b)  -> (artifact id: '493e1178658c82918a54983caa2e3e50') in 0.012460 seconds 
  Import took 0.017215 seconds .

========================================================================
Received Import Request.
  Time since last request: 5.123285 seconds.
  path: Assets/Sprites/Game/Antibiotic/Chunk6/poca1.png
  artifactKey: Guid(128960056e794dd48bfe8436d632b2f3) Importer(815301076,1909f56bfc062723c751e8b465ee728b)
Start importing Assets/Sprites/Game/Antibiotic/Chunk6/poca1.png using Guid(128960056e794dd48bfe8436d632b2f3) Importer(815301076,1909f56bfc062723c751e8b465ee728b)  -> (artifact id: '93e2e718d8ab64618980de2eb186b97c') in 0.174102 seconds 
  Import took 0.178305 seconds .

========================================================================
Received Import Request.
  Time since last request: 0.091040 seconds.
  path: Assets/Sprites/Game/Antibiotic/Chunk6/poca2.png
  artifactKey: Guid(c8de6c58b9926b84aab54db5754ef906) Importer(815301076,1909f56bfc062723c751e8b465ee728b)
Start importing Assets/Sprites/Game/Antibiotic/Chunk6/poca2.png using Guid(c8de6c58b9926b84aab54db5754ef906) Importer(815301076,1909f56bfc062723c751e8b465ee728b)  -> (artifact id: '6a65d93b40127c2d3b24d83b1ee69b6d') in 0.024610 seconds 
  Import took 0.029468 seconds .

========================================================================
Received Import Request.
  Time since last request: 6.275889 seconds.
  path: Assets/Sprites/Game/Antibiotic/Chunk6/poca2.png
  artifactKey: Guid(c8de6c58b9926b84aab54db5754ef906) Importer(815301076,1909f56bfc062723c751e8b465ee728b)
Start importing Assets/Sprites/Game/Antibiotic/Chunk6/poca2.png using Guid(c8de6c58b9926b84aab54db5754ef906) Importer(815301076,1909f56bfc062723c751e8b465ee728b)  -> (artifact id: '20b10a3a5bcd6c93e76cd169eb5ddb5a') in 0.012636 seconds 
  Import took 0.018120 seconds .

========================================================================
Received Import Request.
  Time since last request: 13.452075 seconds.
  path: Assets/Prefabs/Chunks/Chunk (5) 1.prefab
  artifactKey: Guid(e924c5bf48016304980a8bc83587b1ee) Importer(815301076,1909f56bfc062723c751e8b465ee728b)
Start importing Assets/Prefabs/Chunks/Chunk (5) 1.prefab using Guid(e924c5bf48016304980a8bc83587b1ee) Importer(815301076,1909f56bfc062723c751e8b465ee728b)  -> (artifact id: '72a4493cee1fb7f48b443e8652ee95cd') in 0.063690 seconds 
  Import took 0.068051 seconds .

========================================================================
Received Import Request.
  Time since last request: 5.565771 seconds.
  path: Assets/Prefabs/Chunks/Chunk (6).prefab
  artifactKey: Guid(e924c5bf48016304980a8bc83587b1ee) Importer(815301076,1909f56bfc062723c751e8b465ee728b)
Start importing Assets/Prefabs/Chunks/Chunk (6).prefab using Guid(e924c5bf48016304980a8bc83587b1ee) Importer(815301076,1909f56bfc062723c751e8b465ee728b)  -> (artifact id: '187eaa47034fe0983fa4b1116210d2dc') in 0.020025 seconds 
  Import took 0.025341 seconds .

========================================================================
Received Import Request.
  Time since last request: 531.826366 seconds.
  path: Assets/Sprites/Game/Antibiotic/Chunk6/poca1.png
  artifactKey: Guid(128960056e794dd48bfe8436d632b2f3) Importer(815301076,1909f56bfc062723c751e8b465ee728b)
Start importing Assets/Sprites/Game/Antibiotic/Chunk6/poca1.png using Guid(128960056e794dd48bfe8436d632b2f3) Importer(815301076,1909f56bfc062723c751e8b465ee728b)  -> (artifact id: '341de3774e6e112e8789afac61462475') in 0.024334 seconds 
  Import took 0.028944 seconds .

========================================================================
Received Import Request.
  Time since last request: 7.555352 seconds.
  path: Assets/Sprites/Game/Antibiotic/Chunk6/poca3.png
  artifactKey: Guid(078a8e6319d46a8469473a3c8737a133) Importer(815301076,1909f56bfc062723c751e8b465ee728b)
Start importing Assets/Sprites/Game/Antibiotic/Chunk6/poca3.png using Guid(078a8e6319d46a8469473a3c8737a133) Importer(815301076,1909f56bfc062723c751e8b465ee728b)  -> (artifact id: '57be431cc3bf628c36912b1e3a91f458') in 0.018193 seconds 
  Import took 0.022426 seconds .

========================================================================
Received Import Request.
  Time since last request: 10.645842 seconds.
  path: Assets/Sprites/Game/Antibiotic/Chunk6/poca3.png
  artifactKey: Guid(078a8e6319d46a8469473a3c8737a133) Importer(815301076,1909f56bfc062723c751e8b465ee728b)
Start importing Assets/Sprites/Game/Antibiotic/Chunk6/poca3.png using Guid(078a8e6319d46a8469473a3c8737a133) Importer(815301076,1909f56bfc062723c751e8b465ee728b)  -> (artifact id: '43618476dcfca36b2cbdf25492410e5a') in 0.025008 seconds 
  Import took 0.028962 seconds .

========================================================================
Received Import Request.
  Time since last request: 24.753057 seconds.
  path: Assets/Animation/Player.controller
  artifactKey: Guid(1e2af4c3429df0844ac5dce6ecec1252) Importer(815301076,1909f56bfc062723c751e8b465ee728b)
Start importing Assets/Animation/Player.controller using Guid(1e2af4c3429df0844ac5dce6ecec1252) Importer(815301076,1909f56bfc062723c751e8b465ee728b)  -> (artifact id: '0f6fa31c72e82f58f38a3c59df3d4f9d') in 0.011680 seconds 
  Import took 0.016524 seconds .

========================================================================
Received Import Request.
  Time since last request: 25.164386 seconds.
  path: Assets/Sprites/Game/Antibiotic/Chunk6/poca1.png
  artifactKey: Guid(128960056e794dd48bfe8436d632b2f3) Importer(815301076,1909f56bfc062723c751e8b465ee728b)
Start importing Assets/Sprites/Game/Antibiotic/Chunk6/poca1.png using Guid(128960056e794dd48bfe8436d632b2f3) Importer(815301076,1909f56bfc062723c751e8b465ee728b)  -> (artifact id: '273f2188e7dbd17d10f5d180a6666e7f') in 0.037236 seconds 
  Import took 0.042877 seconds .

========================================================================
Received Import Request.
  Time since last request: 2336.161778 seconds.
  path: Assets/Sprites/Game/Antibiotic/Chunk7
  artifactKey: Guid(85fa8a86a90ccf7438207b3b81fed5c8) Importer(815301076,1909f56bfc062723c751e8b465ee728b)
Start importing Assets/Sprites/Game/Antibiotic/Chunk7 using Guid(85fa8a86a90ccf7438207b3b81fed5c8) Importer(815301076,1909f56bfc062723c751e8b465ee728b)  -> (artifact id: '93a6ce8d936d9418b939bc9dc423efe3') in 0.007603 seconds 
  Import took 0.013817 seconds .

========================================================================
Received Import Request.
  Time since last request: 7.166360 seconds.
  path: Assets/Sprites/Game/Antibiotic/Chunk7/poca1.png
  artifactKey: Guid(1d626bc315a9c3c47a812d8f596cddc9) Importer(815301076,1909f56bfc062723c751e8b465ee728b)
Start importing Assets/Sprites/Game/Antibiotic/Chunk7/poca1.png using Guid(1d626bc315a9c3c47a812d8f596cddc9) Importer(815301076,1909f56bfc062723c751e8b465ee728b)  -> (artifact id: '2f36643c81eb8a80faac01f4aff58d4e') in 0.026104 seconds 
  Import took 0.032377 seconds .

========================================================================
Received Import Request.
  Time since last request: 0.456682 seconds.
  path: Assets/Sprites/Game/Antibiotic/Chunk7/poca3.png
  artifactKey: Guid(dd531bcc965098041a1afe9aab2c06a1) Importer(815301076,1909f56bfc062723c751e8b465ee728b)
Start importing Assets/Sprites/Game/Antibiotic/Chunk7/poca3.png using Guid(dd531bcc965098041a1afe9aab2c06a1) Importer(815301076,1909f56bfc062723c751e8b465ee728b)  -> (artifact id: 'c4e9f8b638711d106d5285408ec91d32') in 0.023800 seconds 
  Import took 0.028169 seconds .

========================================================================
Received Import Request.
  Time since last request: 6.212413 seconds.
  path: Assets/Sprites/Game/Antibiotic/Chunk7/poca3.png
  artifactKey: Guid(dd531bcc965098041a1afe9aab2c06a1) Importer(815301076,1909f56bfc062723c751e8b465ee728b)
Start importing Assets/Sprites/Game/Antibiotic/Chunk7/poca3.png using Guid(dd531bcc965098041a1afe9aab2c06a1) Importer(815301076,1909f56bfc062723c751e8b465ee728b)  -> (artifact id: 'fb6811da98a2408e9af494f5025d59eb') in 0.018306 seconds 
  Import took 0.024993 seconds .

========================================================================
Received Import Request.
  Time since last request: 0.717503 seconds.
  path: Assets/Sprites/Game/Antibiotic/Chunk7/poca1.png
  artifactKey: Guid(1d626bc315a9c3c47a812d8f596cddc9) Importer(815301076,1909f56bfc062723c751e8b465ee728b)
Start importing Assets/Sprites/Game/Antibiotic/Chunk7/poca1.png using Guid(1d626bc315a9c3c47a812d8f596cddc9) Importer(815301076,1909f56bfc062723c751e8b465ee728b)  -> (artifact id: '95824989e5de6377726880316d6268d7') in 0.014263 seconds 
  Import took 0.019029 seconds .

========================================================================
Received Import Request.
  Time since last request: 50.264719 seconds.
  path: Assets/Sprites/Game/Antibiotic/Chunk7/poca1.png
  artifactKey: Guid(1d626bc315a9c3c47a812d8f596cddc9) Importer(815301076,1909f56bfc062723c751e8b465ee728b)
Start importing Assets/Sprites/Game/Antibiotic/Chunk7/poca1.png using Guid(1d626bc315a9c3c47a812d8f596cddc9) Importer(815301076,1909f56bfc062723c751e8b465ee728b)  -> (artifact id: '7c5f27ce00ce142fd87b5f2501ff14ab') in 0.023534 seconds 
  Import took 0.037119 seconds .

========================================================================
Received Import Request.
  Time since last request: 3.243701 seconds.
  path: Assets/Sprites/Game/Antibiotic/Chunk7/poca2.png
  artifactKey: Guid(c7751c993e98f054f81fe2c97fbb38c5) Importer(815301076,1909f56bfc062723c751e8b465ee728b)
Start importing Assets/Sprites/Game/Antibiotic/Chunk7/poca2.png using Guid(c7751c993e98f054f81fe2c97fbb38c5) Importer(815301076,1909f56bfc062723c751e8b465ee728b)  -> (artifact id: '35f44022aba59b3ebe63f7700ab16f52') in 0.014610 seconds 
  Import took 0.027124 seconds .

========================================================================
Received Import Request.
  Time since last request: 23.847827 seconds.
  path: Assets/Sprites/Game/Antibiotic/Chunk7/poca2.png
  artifactKey: Guid(c7751c993e98f054f81fe2c97fbb38c5) Importer(815301076,1909f56bfc062723c751e8b465ee728b)
Start importing Assets/Sprites/Game/Antibiotic/Chunk7/poca2.png using Guid(c7751c993e98f054f81fe2c97fbb38c5) Importer(815301076,1909f56bfc062723c751e8b465ee728b)  -> (artifact id: 'ef8c4ee5dd099580d99bfb37b1af277e') in 0.025299 seconds 
  Import took 0.045431 seconds .

========================================================================
Received Import Request.
  Time since last request: 19.733181 seconds.
  path: Assets/Sprites/Game/Antibiotic/Chunk7/poca2.png
  artifactKey: Guid(c7751c993e98f054f81fe2c97fbb38c5) Importer(815301076,1909f56bfc062723c751e8b465ee728b)
Start importing Assets/Sprites/Game/Antibiotic/Chunk7/poca2.png using Guid(c7751c993e98f054f81fe2c97fbb38c5) Importer(815301076,1909f56bfc062723c751e8b465ee728b)  -> (artifact id: '27efc7a1e1e024265215197281903a93') in 0.022380 seconds 
  Import took 0.027393 seconds .

========================================================================
Received Import Request.
  Time since last request: 38.291668 seconds.
  path: Assets/Sprites/Game/Antibiotic/Chunk7/poca3.png
  artifactKey: Guid(dd531bcc965098041a1afe9aab2c06a1) Importer(815301076,1909f56bfc062723c751e8b465ee728b)
Start importing Assets/Sprites/Game/Antibiotic/Chunk7/poca3.png using Guid(dd531bcc965098041a1afe9aab2c06a1) Importer(815301076,1909f56bfc062723c751e8b465ee728b)  -> (artifact id: '7f64b9735408b43eb66137c599080692') in 0.031582 seconds 
  Import took 0.043361 seconds .

========================================================================
Received Import Request.
  Time since last request: 6.002997 seconds.
  path: Assets/Sprites/Game/Antibiotic/Chunk7/poca4.png
  artifactKey: Guid(102772945e5b73f45b8299e19eda370a) Importer(815301076,1909f56bfc062723c751e8b465ee728b)
Start importing Assets/Sprites/Game/Antibiotic/Chunk7/poca4.png using Guid(102772945e5b73f45b8299e19eda370a) Importer(815301076,1909f56bfc062723c751e8b465ee728b)  -> (artifact id: '9d73d478bbc1258cdffc54f8923d06b3') in 0.013221 seconds 
  Import took 0.018435 seconds .

========================================================================
Received Import Request.
  Time since last request: 29.704716 seconds.
  path: Assets/Sprites/Game/Antibiotic/Chunk7/poca4.png
  artifactKey: Guid(102772945e5b73f45b8299e19eda370a) Importer(815301076,1909f56bfc062723c751e8b465ee728b)
Start importing Assets/Sprites/Game/Antibiotic/Chunk7/poca4.png using Guid(102772945e5b73f45b8299e19eda370a) Importer(815301076,1909f56bfc062723c751e8b465ee728b)  -> (artifact id: '3d7d7e3063508c6b34f194eb12c89dc9') in 0.023889 seconds 
  Import took 0.042737 seconds .

========================================================================
Received Import Request.
  Time since last request: 1.013027 seconds.
  path: Assets/Sprites/Game/Antibiotic/Chunk7/poca5.png
  artifactKey: Guid(426c81ae313bc9546ae362de0768612a) Importer(815301076,1909f56bfc062723c751e8b465ee728b)
Start importing Assets/Sprites/Game/Antibiotic/Chunk7/poca5.png using Guid(426c81ae313bc9546ae362de0768612a) Importer(815301076,1909f56bfc062723c751e8b465ee728b)  -> (artifact id: '4bad6b658153d43c82b3c2ad81eb9cec') in 0.018449 seconds 
  Import took 0.023127 seconds .

========================================================================
Received Import Request.
  Time since last request: 21.057429 seconds.
  path: Assets/Sprites/Game/Antibiotic/Chunk7/poca5.png
  artifactKey: Guid(426c81ae313bc9546ae362de0768612a) Importer(815301076,1909f56bfc062723c751e8b465ee728b)
Start importing Assets/Sprites/Game/Antibiotic/Chunk7/poca5.png using Guid(426c81ae313bc9546ae362de0768612a) Importer(815301076,1909f56bfc062723c751e8b465ee728b)  -> (artifact id: 'ff65f8872283a1c6a54f307bba18dacb') in 0.025631 seconds 
  Import took 0.030173 seconds .

========================================================================
Received Import Request.
  Time since last request: 16.548884 seconds.
  path: Assets/Sprites/Game/Antibiotic/Chunk7/poca6.png
  artifactKey: Guid(63212aed37a405b439b507d620a7de83) Importer(815301076,1909f56bfc062723c751e8b465ee728b)
Start importing Assets/Sprites/Game/Antibiotic/Chunk7/poca6.png using Guid(63212aed37a405b439b507d620a7de83) Importer(815301076,1909f56bfc062723c751e8b465ee728b)  -> (artifact id: 'c829b8fd045443174f782fdb97a7e80b') in 0.014957 seconds 
  Import took 0.019232 seconds .

========================================================================
Received Import Request.
  Time since last request: 18.627988 seconds.
  path: Assets/Sprites/Game/Antibiotic/Chunk7/poca6.png
  artifactKey: Guid(63212aed37a405b439b507d620a7de83) Importer(815301076,1909f56bfc062723c751e8b465ee728b)
Start importing Assets/Sprites/Game/Antibiotic/Chunk7/poca6.png using Guid(63212aed37a405b439b507d620a7de83) Importer(815301076,1909f56bfc062723c751e8b465ee728b)  -> (artifact id: '005a3f92766cab8715e67252de231582') in 0.025912 seconds 
  Import took 0.044013 seconds .

========================================================================
Received Import Request.
  Time since last request: 26.796471 seconds.
  path: Assets/Prefabs/Chunks/Chunk (5).prefab
  artifactKey: Guid(092200d70302e8b4b8383ffb133b1afc) Importer(815301076,1909f56bfc062723c751e8b465ee728b)
Start importing Assets/Prefabs/Chunks/Chunk (5).prefab using Guid(092200d70302e8b4b8383ffb133b1afc) Importer(815301076,1909f56bfc062723c751e8b465ee728b)  -> (artifact id: '25604147bb4232dd4e77a1a1c52762ee') in 0.029866 seconds 
  Import took 0.047309 seconds .

========================================================================
Received Import Request.
  Time since last request: 1.904693 seconds.
  path: Assets/Prefabs/Chunks/Chunk (6) 1.prefab
  artifactKey: Guid(09a32d97a66b02b4ca7c620b7fabf463) Importer(815301076,1909f56bfc062723c751e8b465ee728b)
Start importing Assets/Prefabs/Chunks/Chunk (6) 1.prefab using Guid(09a32d97a66b02b4ca7c620b7fabf463) Importer(815301076,1909f56bfc062723c751e8b465ee728b)  -> (artifact id: 'd7fb5a650f950eefe5b32665b511b821') in 0.017360 seconds 
  Import took 0.034744 seconds .

========================================================================
Received Import Request.
  Time since last request: 6.370882 seconds.
  path: Assets/Prefabs/Chunks/Chunk (7).prefab
  artifactKey: Guid(09a32d97a66b02b4ca7c620b7fabf463) Importer(815301076,1909f56bfc062723c751e8b465ee728b)
Start importing Assets/Prefabs/Chunks/Chunk (7).prefab using Guid(09a32d97a66b02b4ca7c620b7fabf463) Importer(815301076,1909f56bfc062723c751e8b465ee728b)  -> (artifact id: 'e8b83b91f70f80a089958ced17478709') in 0.017475 seconds 
  Import took 0.022681 seconds .

